Assembler report for DE1_SoC_Computer
Mon Apr 02 21:22:07 2018
Quartus II 64-Bit Version 15.0.0 Build 145 04/22/2015 Patches 0.01we SJ Web Edition


---------------------
; Table of Contents ;
---------------------
  1. Legal Notice
  2. Assembler Summary
  3. Assembler Settings
  4. Assembler Encrypted IP Cores Summary
  5. Assembler Generated Files
  6. Assembler Device Options: C:/altera/15.0/University_Program/Computer_Systems/DE1-SoC/DE1-SoC_Computer/verilog/DE1_SoC_Computer_time_limited.sof
  7. Assembler Messages



----------------
; Legal Notice ;
----------------
Copyright (C) 1991-2015 Altera Corporation. All rights reserved.
Your use of Altera Corporation's design tools, logic functions 
and other software and tools, and its AMPP partner logic 
functions, and any output files from any of the foregoing 
(including device programming or simulation files), and any 
associated documentation or information are expressly subject 
to the terms and conditions of the Altera Program License 
Subscription Agreement, the Altera Quartus II License Agreement,
the Altera MegaCore Function License Agreement, or other 
applicable license agreement, including, without limitation, 
that your use is for the sole purpose of programming logic 
devices manufactured by Altera and sold by Altera or its 
authorized distributors.  Please refer to the applicable 
agreement for further details.



+---------------------------------------------------------------+
; Assembler Summary                                             ;
+-----------------------+---------------------------------------+
; Assembler Status      ; Successful - Mon Apr 02 21:22:07 2018 ;
; Revision Name         ; DE1_SoC_Computer                      ;
; Top-level Entity Name ; DE1_SoC_Computer                      ;
; Family                ; Cyclone V                             ;
; Device                ; 5CSEMA5F31C6                          ;
+-----------------------+---------------------------------------+


+----------------------------------+
; Assembler Settings               ;
+--------+---------+---------------+
; Option ; Setting ; Default Value ;
+--------+---------+---------------+


+--------------------------------------------------------+
; Assembler Encrypted IP Cores Summary                   ;
+--------+-------------------------------+---------------+
; Vendor ; IP Core Name                  ; License Type  ;
+--------+-------------------------------+---------------+
; Altera ; Nios II Processor (6AF7 00A2) ; OpenCore Plus ;
; Altera ; Signal Tap (6AF7 BCE1)        ; Licensed      ;
; Altera ; Signal Tap (6AF7 BCEC)        ; Licensed      ;
+--------+-------------------------------+---------------+


+-----------------------------------------------------------------------------------------------------------------------+
; Assembler Generated Files                                                                                             ;
+-----------------------------------------------------------------------------------------------------------------------+
; File Name                                                                                                             ;
+-----------------------------------------------------------------------------------------------------------------------+
; C:/altera/15.0/University_Program/Computer_Systems/DE1-SoC/DE1-SoC_Computer/verilog/DE1_SoC_Computer_time_limited.sof ;
+-----------------------------------------------------------------------------------------------------------------------+


+-------------------------------------------------------------------------------------------------------------------------------------------------+
; Assembler Device Options: C:/altera/15.0/University_Program/Computer_Systems/DE1-SoC/DE1-SoC_Computer/verilog/DE1_SoC_Computer_time_limited.sof ;
+----------------+--------------------------------------------------------------------------------------------------------------------------------+
; Option         ; Setting                                                                                                                        ;
+----------------+--------------------------------------------------------------------------------------------------------------------------------+
; Device         ; 5CSEMA5F31C6                                                                                                                   ;
; JTAG usercode  ; 0x0AC82534                                                                                                                     ;
; Checksum       ; 0x0AC82534                                                                                                                     ;
+----------------+--------------------------------------------------------------------------------------------------------------------------------+


+--------------------+
; Assembler Messages ;
+--------------------+
Info: *******************************************************************
Info: Running Quartus II 64-Bit Assembler
    Info: Version 15.0.0 Build 145 04/22/2015 Patches 0.01we SJ Web Edition
    Info: Processing started: Mon Apr 02 21:21:29 2018
Info: Command: quartus_asm --read_settings_files=off --write_settings_files=off DE1_SoC_Computer -c DE1_SoC_Computer
Info (115030): Assembler is generating device programming files
Info (115017): Design contains a time-limited core -- only a single, time-limited programming file can be generated
Warning (210042): Can't convert time-limited SOF into POF, HEX File, TTF, or RBF
Info (210040): SRAM Object File C:/altera/15.0/University_Program/Computer_Systems/DE1-SoC/DE1-SoC_Computer/verilog/DE1_SoC_Computer_time_limited.sof contains time-limited megafunction that supports OpenCore Plus feature -- Vendor: 0x6AF7, Product: 0x00A2
Warning (11713): The configuration of the Hard Processor Subsystem (HPS) within this design has changed.
The Preloader software that initializes the HPS requires an update.
Using hps_isw_handoff/Computer_System_ARM_A9_HPS/, run the Preloader Support Package Generator to update your Preloader software
Info: Quartus II 64-Bit Assembler was successful. 0 errors, 2 warnings
    Info: Peak virtual memory: 1289 megabytes
    Info: Processing ended: Mon Apr 02 21:22:08 2018
    Info: Elapsed time: 00:00:39
    Info: Total CPU time (on all processors): 00:00:37


