Flow report for soc_system
Tue Oct 16 10:19:36 2018
Quartus Prime Version 17.1.0 Build 590 10/25/2017 SJ Lite Edition


---------------------
; Table of Contents ;
---------------------
  1. Legal Notice
  2. Flow Summary
  3. Flow Settings
  4. Flow Non-Default Global Settings
  5. Flow Elapsed Time
  6. Flow OS Summary
  7. Flow Log
  8. Flow Messages
  9. Flow Suppressed Messages



----------------
; Legal Notice ;
----------------
Copyright (C) 2017  Intel Corporation. All rights reserved.
Your use of Intel Corporation's design tools, logic functions 
and other software and tools, and its AMPP partner logic 
functions, and any output files from any of the foregoing 
(including device programming or simulation files), and any 
associated documentation or information are expressly subject 
to the terms and conditions of the Intel Program License 
Subscription Agreement, the Intel Quartus Prime License Agreement,
the Intel FPGA IP License Agreement, or other applicable license
agreement, including, without limitation, that your use is for
the sole purpose of programming logic devices manufactured by
Intel and sold by Intel or its authorized distributors.  Please
refer to the applicable agreement for further details.



+-------------------------------------------------------------------------------+
; Flow Summary                                                                  ;
+---------------------------------+---------------------------------------------+
; Flow Status                     ; Successful - Tue Oct 16 10:18:33 2018       ;
; Quartus Prime Version           ; 17.1.0 Build 590 10/25/2017 SJ Lite Edition ;
; Revision Name                   ; soc_system                                  ;
; Top-level Entity Name           ; ghrd_top                                    ;
; Family                          ; Cyclone V                                   ;
; Device                          ; 5CSEMA5F31C6                                ;
; Timing Models                   ; Final                                       ;
; Logic utilization (in ALMs)     ; 2,010 / 32,070 ( 6 % )                      ;
; Total registers                 ; 4208                                        ;
; Total pins                      ; 374 / 457 ( 82 % )                          ;
; Total virtual pins              ; 0                                           ;
; Total block memory bits         ; 1,959,936 / 4,065,280 ( 48 % )              ;
; Total DSP Blocks                ; 2 / 87 ( 2 % )                              ;
; Total HSSI RX PCSs              ; 0                                           ;
; Total HSSI PMA RX Deserializers ; 0                                           ;
; Total HSSI TX PCSs              ; 0                                           ;
; Total HSSI PMA TX Serializers   ; 0                                           ;
; Total PLLs                      ; 3 / 6 ( 50 % )                              ;
; Total DLLs                      ; 1 / 4 ( 25 % )                              ;
+---------------------------------+---------------------------------------------+


+-----------------------------------------+
; Flow Settings                           ;
+-------------------+---------------------+
; Option            ; Setting             ;
+-------------------+---------------------+
; Start date & time ; 10/16/2018 10:08:23 ;
; Main task         ; Compilation         ;
; Revision Name     ; soc_system          ;
+-------------------+---------------------+


+----------------------------------------------------------------------------------------------------------------------------------------------------------------------------------------------------------------------------------------------------------------------------------------------------------------------------------------------------------------------------------------------------------------------------------------------------------------------------------------------------------------------------------+
; Flow Non-Default Global Settings                                                                                                                                                                                                                                                                                                                                                                                                                                                                                                 ;
+---------------------------------------+----------------------------------------------------------------------------------------------------------------------------------------------------------------------------------------------------------------------------------------------------------------------------------------------------------------------------------------------------------------------------------------------------------------------+---------------+--------------------------------+------------------+
; Assignment Name                       ; Value                                                                                                                                                                                                                                                                                                                                                                                                                ; Default Value ; Entity Name                    ; Section Id       ;
+---------------------------------------+----------------------------------------------------------------------------------------------------------------------------------------------------------------------------------------------------------------------------------------------------------------------------------------------------------------------------------------------------------------------------------------------------------------------+---------------+--------------------------------+------------------+
; COMPILER_SIGNATURE_ID                 ; 2289275769332.153970249750300                                                                                                                                                                                                                                                                                                                                                                                        ; --            ; --                             ; --               ;
; ECO_REGENERATE_REPORT                 ; On                                                                                                                                                                                                                                                                                                                                                                                                                   ; Off           ; --                             ; --               ;
; ENABLE_SIGNALTAP                      ; On                                                                                                                                                                                                                                                                                                                                                                                                                   ; --            ; --                             ; --               ;
; HPS_ISW_FILE                          ; soc_system/synthesis/submodules/sequencer/alt_types.pre.h                                                                                                                                                                                                                                                                                                                                                            ; --            ; soc_system_hps_0_hps_io_border ; --               ;
; HPS_ISW_FILE                          ; soc_system/synthesis/submodules/sequencer/emif.pre.xml                                                                                                                                                                                                                                                                                                                                                               ; --            ; soc_system_hps_0_hps_io_border ; --               ;
; HPS_ISW_FILE                          ; soc_system/synthesis/submodules/sequencer/sdram_io.pre.h                                                                                                                                                                                                                                                                                                                                                             ; --            ; soc_system_hps_0_hps_io_border ; --               ;
; HPS_ISW_FILE                          ; soc_system/synthesis/submodules/sequencer/sequencer.pre.c                                                                                                                                                                                                                                                                                                                                                            ; --            ; soc_system_hps_0_hps_io_border ; --               ;
; HPS_ISW_FILE                          ; soc_system/synthesis/submodules/sequencer/sequencer.pre.h                                                                                                                                                                                                                                                                                                                                                            ; --            ; soc_system_hps_0_hps_io_border ; --               ;
; HPS_ISW_FILE                          ; soc_system/synthesis/submodules/sequencer/sequencer_auto.pre.h                                                                                                                                                                                                                                                                                                                                                       ; --            ; soc_system_hps_0_hps_io_border ; --               ;
; HPS_ISW_FILE                          ; soc_system/synthesis/submodules/sequencer/sequencer_auto_ac_init.pre.c                                                                                                                                                                                                                                                                                                                                               ; --            ; soc_system_hps_0_hps_io_border ; --               ;
; HPS_ISW_FILE                          ; soc_system/synthesis/submodules/sequencer/sequencer_auto_inst_init.pre.c                                                                                                                                                                                                                                                                                                                                             ; --            ; soc_system_hps_0_hps_io_border ; --               ;
; HPS_ISW_FILE                          ; soc_system/synthesis/submodules/sequencer/sequencer_defines.pre.h                                                                                                                                                                                                                                                                                                                                                    ; --            ; soc_system_hps_0_hps_io_border ; --               ;
; HPS_ISW_FILE                          ; soc_system/synthesis/submodules/sequencer/system.pre.h                                                                                                                                                                                                                                                                                                                                                               ; --            ; soc_system_hps_0_hps_io_border ; --               ;
; HPS_ISW_FILE                          ; soc_system/synthesis/submodules/sequencer/tclrpt.pre.c                                                                                                                                                                                                                                                                                                                                                               ; --            ; soc_system_hps_0_hps_io_border ; --               ;
; HPS_ISW_FILE                          ; soc_system/synthesis/submodules/sequencer/tclrpt.pre.h                                                                                                                                                                                                                                                                                                                                                               ; --            ; soc_system_hps_0_hps_io_border ; --               ;
; HPS_ISW_FILE                          ; soc_system/synthesis/submodules/hps.pre.xml                                                                                                                                                                                                                                                                                                                                                                          ; --            ; soc_system_hps_0_hps_io_border ; --               ;
; HPS_PARTITION                         ; On                                                                                                                                                                                                                                                                                                                                                                                                                   ; --            ; soc_system_hps_0_hps_io_border ; --               ;
; MAX_CORE_JUNCTION_TEMP                ; 85                                                                                                                                                                                                                                                                                                                                                                                                                   ; --            ; --                             ; --               ;
; MIN_CORE_JUNCTION_TEMP                ; 0                                                                                                                                                                                                                                                                                                                                                                                                                    ; --            ; --                             ; --               ;
; MISC_FILE                             ; fir_test/synthesis/../fir_test.cmp                                                                                                                                                                                                                                                                                                                                                                                   ; --            ; --                             ; --               ;
; MISC_FILE                             ; fir_test/synthesis/../../fir_test.qsys                                                                                                                                                                                                                                                                                                                                                                               ; --            ; --                             ; --               ;
; MISC_FILE                             ; Audio/synthesis/../Audio.cmp                                                                                                                                                                                                                                                                                                                                                                                         ; --            ; --                             ; --               ;
; MISC_FILE                             ; Audio/synthesis/../../Audio.qsys                                                                                                                                                                                                                                                                                                                                                                                     ; --            ; --                             ; --               ;
; MISC_FILE                             ; audio_pll/synthesis/../audio_pll.cmp                                                                                                                                                                                                                                                                                                                                                                                 ; --            ; --                             ; --               ;
; MISC_FILE                             ; audio_pll/synthesis/../../audio_pll.qsys                                                                                                                                                                                                                                                                                                                                                                             ; --            ; --                             ; --               ;
; MISC_FILE                             ; ip/altsource_probe/hps_reset_bb.v                                                                                                                                                                                                                                                                                                                                                                                    ; --            ; --                             ; --               ;
; MISC_FILE                             ; soc_system/synthesis/../soc_system.cmp                                                                                                                                                                                                                                                                                                                                                                               ; --            ; --                             ; --               ;
; MISC_FILE                             ; soc_system/synthesis/../../H                                                                                                                                                                                                                                                                                                                                                                                         ; --            ; --                             ; --               ;
; MISC_FILE                             ; soc_system/synthesis/soc_system_hps_0_hps.svd                                                                                                                                                                                                                                                                                                                                                                        ; --            ; --                             ; --               ;
; MISC_FILE                             ; soc_system/synthesis/../../soc_system.qsys                                                                                                                                                                                                                                                                                                                                                                           ; --            ; --                             ; --               ;
; MISC_FILE                             ; soc_system/synthesis/submodules/sequencer/alt_types.pre.h                                                                                                                                                                                                                                                                                                                                                            ; --            ; --                             ; --               ;
; MISC_FILE                             ; soc_system/synthesis/submodules/sequencer/emif.pre.xml                                                                                                                                                                                                                                                                                                                                                               ; --            ; --                             ; --               ;
; MISC_FILE                             ; soc_system/synthesis/submodules/sequencer/sdram_io.pre.h                                                                                                                                                                                                                                                                                                                                                             ; --            ; --                             ; --               ;
; MISC_FILE                             ; soc_system/synthesis/submodules/sequencer/sequencer.pre.c                                                                                                                                                                                                                                                                                                                                                            ; --            ; --                             ; --               ;
; MISC_FILE                             ; soc_system/synthesis/submodules/sequencer/sequencer.pre.h                                                                                                                                                                                                                                                                                                                                                            ; --            ; --                             ; --               ;
; MISC_FILE                             ; soc_system/synthesis/submodules/sequencer/sequencer_auto.pre.h                                                                                                                                                                                                                                                                                                                                                       ; --            ; --                             ; --               ;
; MISC_FILE                             ; soc_system/synthesis/submodules/sequencer/sequencer_auto_ac_init.pre.c                                                                                                                                                                                                                                                                                                                                               ; --            ; --                             ; --               ;
; MISC_FILE                             ; soc_system/synthesis/submodules/sequencer/sequencer_auto_inst_init.pre.c                                                                                                                                                                                                                                                                                                                                             ; --            ; --                             ; --               ;
; MISC_FILE                             ; soc_system/synthesis/submodules/sequencer/sequencer_defines.pre.h                                                                                                                                                                                                                                                                                                                                                    ; --            ; --                             ; --               ;
; MISC_FILE                             ; soc_system/synthesis/submodules/sequencer/system.pre.h                                                                                                                                                                                                                                                                                                                                                               ; --            ; --                             ; --               ;
; MISC_FILE                             ; soc_system/synthesis/submodules/sequencer/tclrpt.pre.c                                                                                                                                                                                                                                                                                                                                                               ; --            ; --                             ; --               ;
; MISC_FILE                             ; soc_system/synthesis/submodules/sequencer/tclrpt.pre.h                                                                                                                                                                                                                                                                                                                                                               ; --            ; --                             ; --               ;
; MISC_FILE                             ; soc_system/synthesis/submodules/hps.pre.xml                                                                                                                                                                                                                                                                                                                                                                          ; --            ; --                             ; --               ;
; PARTITION_COLOR                       ; -- (Not supported for targeted family)                                                                                                                                                                                                                                                                                                                                                                               ; --            ; ghrd_top                       ; Top              ;
; PARTITION_FITTER_PRESERVATION_LEVEL   ; -- (Not supported for targeted family)                                                                                                                                                                                                                                                                                                                                                                               ; --            ; ghrd_top                       ; Top              ;
; PARTITION_NETLIST_TYPE                ; -- (Not supported for targeted family)                                                                                                                                                                                                                                                                                                                                                                               ; --            ; ghrd_top                       ; Top              ;
; POWER_BOARD_THERMAL_MODEL             ; None (CONSERVATIVE)                                                                                                                                                                                                                                                                                                                                                                                                  ; --            ; --                             ; --               ;
; POWER_PRESET_COOLING_SOLUTION         ; 23 MM HEAT SINK WITH 200 LFPM AIRFLOW                                                                                                                                                                                                                                                                                                                                                                                ; --            ; --                             ; --               ;
; SLD_FILE                              ; fir_test/synthesis/fir_test.debuginfo                                                                                                                                                                                                                                                                                                                                                                                ; --            ; --                             ; --               ;
; SLD_FILE                              ; Audio/synthesis/Audio.debuginfo                                                                                                                                                                                                                                                                                                                                                                                      ; --            ; --                             ; --               ;
; SLD_FILE                              ; audio_pll/synthesis/audio_pll.debuginfo                                                                                                                                                                                                                                                                                                                                                                              ; --            ; --                             ; --               ;
; SLD_FILE                              ; soc_system/synthesis/soc_system.regmap                                                                                                                                                                                                                                                                                                                                                                               ; --            ; --                             ; --               ;
; SLD_FILE                              ; soc_system/synthesis/soc_system.debuginfo                                                                                                                                                                                                                                                                                                                                                                            ; --            ; --                             ; --               ;
; SLD_FILE                              ; db/STP_auto_stripped.stp                                                                                                                                                                                                                                                                                                                                                                                             ; --            ; --                             ; --               ;
; SLD_INFO                              ; QSYS_NAME Audio HAS_SOPCINFO 1 GENERATION_ID 1525878924                                                                                                                                                                                                                                                                                                                                                              ; --            ; Audio                          ; --               ;
; SLD_INFO                              ; QSYS_NAME audio_pll HAS_SOPCINFO 1 GENERATION_ID 1525879033                                                                                                                                                                                                                                                                                                                                                          ; --            ; audio_pll                      ; --               ;
; SLD_INFO                              ; QSYS_NAME fir_test HAS_SOPCINFO 1 GENERATION_ID 1539701045                                                                                                                                                                                                                                                                                                                                                           ; --            ; fir_test                       ; --               ;
; SLD_INFO                              ; QSYS_NAME soc_system HAS_SOPCINFO 1 GENERATION_ID 1539469065                                                                                                                                                                                                                                                                                                                                                         ; --            ; --                             ; --               ;
; SLD_NODE_CREATOR_ID                   ; 110                                                                                                                                                                                                                                                                                                                                                                                                                  ; --            ; --                             ; auto_signaltap_0 ;
; SLD_NODE_ENTITY_NAME                  ; sld_signaltap                                                                                                                                                                                                                                                                                                                                                                                                        ; --            ; --                             ; auto_signaltap_0 ;
; SLD_NODE_PARAMETER_ASSIGNMENT         ; SLD_RAM_BLOCK_TYPE=AUTO                                                                                                                                                                                                                                                                                                                                                                                              ; --            ; --                             ; auto_signaltap_0 ;
; SLD_NODE_PARAMETER_ASSIGNMENT         ; SLD_NODE_INFO=805334528                                                                                                                                                                                                                                                                                                                                                                                              ; --            ; --                             ; auto_signaltap_0 ;
; SLD_NODE_PARAMETER_ASSIGNMENT         ; SLD_POWER_UP_TRIGGER=0                                                                                                                                                                                                                                                                                                                                                                                               ; --            ; --                             ; auto_signaltap_0 ;
; SLD_NODE_PARAMETER_ASSIGNMENT         ; SLD_STORAGE_QUALIFIER_INVERSION_MASK_LENGTH=0                                                                                                                                                                                                                                                                                                                                                                        ; --            ; --                             ; auto_signaltap_0 ;
; SLD_NODE_PARAMETER_ASSIGNMENT         ; SLD_SEGMENT_SIZE=16384                                                                                                                                                                                                                                                                                                                                                                                               ; --            ; --                             ; auto_signaltap_0 ;
; SLD_NODE_PARAMETER_ASSIGNMENT         ; SLD_ATTRIBUTE_MEM_MODE=OFF                                                                                                                                                                                                                                                                                                                                                                                           ; --            ; --                             ; auto_signaltap_0 ;
; SLD_NODE_PARAMETER_ASSIGNMENT         ; SLD_STATE_FLOW_USE_GENERATED=0                                                                                                                                                                                                                                                                                                                                                                                       ; --            ; --                             ; auto_signaltap_0 ;
; SLD_NODE_PARAMETER_ASSIGNMENT         ; SLD_STATE_BITS=11                                                                                                                                                                                                                                                                                                                                                                                                    ; --            ; --                             ; auto_signaltap_0 ;
; SLD_NODE_PARAMETER_ASSIGNMENT         ; SLD_BUFFER_FULL_STOP=1                                                                                                                                                                                                                                                                                                                                                                                               ; --            ; --                             ; auto_signaltap_0 ;
; SLD_NODE_PARAMETER_ASSIGNMENT         ; SLD_CURRENT_RESOURCE_WIDTH=1                                                                                                                                                                                                                                                                                                                                                                                         ; --            ; --                             ; auto_signaltap_0 ;
; SLD_NODE_PARAMETER_ASSIGNMENT         ; SLD_INCREMENTAL_ROUTING=1                                                                                                                                                                                                                                                                                                                                                                                            ; --            ; --                             ; auto_signaltap_0 ;
; SLD_NODE_PARAMETER_ASSIGNMENT         ; SLD_TRIGGER_LEVEL=1                                                                                                                                                                                                                                                                                                                                                                                                  ; --            ; --                             ; auto_signaltap_0 ;
; SLD_NODE_PARAMETER_ASSIGNMENT         ; SLD_SAMPLE_DEPTH=16384                                                                                                                                                                                                                                                                                                                                                                                               ; --            ; --                             ; auto_signaltap_0 ;
; SLD_NODE_PARAMETER_ASSIGNMENT         ; SLD_TRIGGER_IN_ENABLED=0                                                                                                                                                                                                                                                                                                                                                                                             ; --            ; --                             ; auto_signaltap_0 ;
; SLD_NODE_PARAMETER_ASSIGNMENT         ; SLD_TRIGGER_PIPELINE=0                                                                                                                                                                                                                                                                                                                                                                                               ; --            ; --                             ; auto_signaltap_0 ;
; SLD_NODE_PARAMETER_ASSIGNMENT         ; SLD_RAM_PIPELINE=0                                                                                                                                                                                                                                                                                                                                                                                                   ; --            ; --                             ; auto_signaltap_0 ;
; SLD_NODE_PARAMETER_ASSIGNMENT         ; SLD_COUNTER_PIPELINE=0                                                                                                                                                                                                                                                                                                                                                                                               ; --            ; --                             ; auto_signaltap_0 ;
; SLD_NODE_PARAMETER_ASSIGNMENT         ; SLD_ADVANCED_TRIGGER_ENTITY=basic,1,                                                                                                                                                                                                                                                                                                                                                                                 ; --            ; --                             ; auto_signaltap_0 ;
; SLD_NODE_PARAMETER_ASSIGNMENT         ; SLD_TRIGGER_LEVEL_PIPELINE=1                                                                                                                                                                                                                                                                                                                                                                                         ; --            ; --                             ; auto_signaltap_0 ;
; SLD_NODE_PARAMETER_ASSIGNMENT         ; SLD_ENABLE_ADVANCED_TRIGGER=0                                                                                                                                                                                                                                                                                                                                                                                        ; --            ; --                             ; auto_signaltap_0 ;
; SLD_NODE_PARAMETER_ASSIGNMENT         ; SLD_DATA_BITS=119                                                                                                                                                                                                                                                                                                                                                                                                    ; --            ; --                             ; auto_signaltap_0 ;
; SLD_NODE_PARAMETER_ASSIGNMENT         ; SLD_TRIGGER_BITS=119                                                                                                                                                                                                                                                                                                                                                                                                 ; --            ; --                             ; auto_signaltap_0 ;
; SLD_NODE_PARAMETER_ASSIGNMENT         ; SLD_STORAGE_QUALIFIER_BITS=119                                                                                                                                                                                                                                                                                                                                                                                       ; --            ; --                             ; auto_signaltap_0 ;
; SLD_NODE_PARAMETER_ASSIGNMENT         ; SLD_INVERSION_MASK=0000000000000000000000000000000000000000000000000000000000000000000000000000000000000000000000000000000000000000000000000000000000000000000000000000000000000000000000000000000000000000000000000000000000000000000000000000000000000000000000000000000000000000000000000000000000000000000000000000000000000000000000000000000000000000000000000000000000000000000000000000000000000000000000000 ; --            ; --                             ; auto_signaltap_0 ;
; SLD_NODE_PARAMETER_ASSIGNMENT         ; SLD_INVERSION_MASK_LENGTH=385                                                                                                                                                                                                                                                                                                                                                                                        ; --            ; --                             ; auto_signaltap_0 ;
; SOPCINFO_FILE                         ; fir_test/synthesis/../../fir_test.sopcinfo                                                                                                                                                                                                                                                                                                                                                                           ; --            ; --                             ; --               ;
; SOPCINFO_FILE                         ; Audio/synthesis/../../Audio.sopcinfo                                                                                                                                                                                                                                                                                                                                                                                 ; --            ; --                             ; --               ;
; SOPCINFO_FILE                         ; audio_pll/synthesis/../../audio_pll.sopcinfo                                                                                                                                                                                                                                                                                                                                                                         ; --            ; --                             ; --               ;
; SOPCINFO_FILE                         ; soc_system/synthesis/../../soc_system.sopcinfo                                                                                                                                                                                                                                                                                                                                                                       ; --            ; --                             ; --               ;
; SYNTHESIS_ONLY_QIP                    ; On                                                                                                                                                                                                                                                                                                                                                                                                                   ; --            ; --                             ; --               ;
; SYNTHESIS_ONLY_QIP                    ; On                                                                                                                                                                                                                                                                                                                                                                                                                   ; --            ; --                             ; --               ;
; SYNTHESIS_ONLY_QIP                    ; On                                                                                                                                                                                                                                                                                                                                                                                                                   ; --            ; --                             ; --               ;
; SYNTHESIS_ONLY_QIP                    ; On                                                                                                                                                                                                                                                                                                                                                                                                                   ; --            ; --                             ; --               ;
; TOP_LEVEL_ENTITY                      ; ghrd_top                                                                                                                                                                                                                                                                                                                                                                                                             ; soc_system    ; --                             ; --               ;
; USE_DLL_FREQUENCY_FOR_DQS_DELAY_CHAIN ; On                                                                                                                                                                                                                                                                                                                                                                                                                   ; Off           ; --                             ; --               ;
; USE_SIGNALTAP_FILE                    ; STP.stp                                                                                                                                                                                                                                                                                                                                                                                                              ; --            ; --                             ; --               ;
+---------------------------------------+----------------------------------------------------------------------------------------------------------------------------------------------------------------------------------------------------------------------------------------------------------------------------------------------------------------------------------------------------------------------------------------------------------------------+---------------+--------------------------------+------------------+


+-------------------------------------------------------------------------------------------------------------------------------+
; Flow Elapsed Time                                                                                                             ;
+---------------------------+--------------+-------------------------+---------------------+------------------------------------+
; Module Name               ; Elapsed Time ; Average Processors Used ; Peak Virtual Memory ; Total CPU Time (on all processors) ;
+---------------------------+--------------+-------------------------+---------------------+------------------------------------+
; Analysis & Synthesis      ; 00:01:01     ; 1.0                     ; 5234 MB             ; 00:01:14                           ;
; Fitter                    ; 00:05:28     ; 1.1                     ; 7987 MB             ; 00:06:53                           ;
; Assembler                 ; 00:00:17     ; 1.0                     ; 4963 MB             ; 00:00:15                           ;
; TimeQuest Timing Analyzer ; 00:01:02     ; 1.4                     ; 6000 MB             ; 00:01:13                           ;
; Total                     ; 00:07:48     ; --                      ; --                  ; 00:09:35                           ;
+---------------------------+--------------+-------------------------+---------------------+------------------------------------+


+-----------------------------------------------------------------------------------------+
; Flow OS Summary                                                                         ;
+---------------------------+------------------+------------+------------+----------------+
; Module Name               ; Machine Hostname ; OS Name    ; OS Version ; Processor type ;
+---------------------------+------------------+------------+------------+----------------+
; Analysis & Synthesis      ; JJ-PC            ; Windows 10 ; 10.0       ; x86_64         ;
; Fitter                    ; JJ-PC            ; Windows 10 ; 10.0       ; x86_64         ;
; Assembler                 ; JJ-PC            ; Windows 10 ; 10.0       ; x86_64         ;
; TimeQuest Timing Analyzer ; JJ-PC            ; Windows 10 ; 10.0       ; x86_64         ;
+---------------------------+------------------+------------+------------+----------------+


------------
; Flow Log ;
------------
quartus_map --read_settings_files=on --write_settings_files=off soc_system -c soc_system
quartus_fit --read_settings_files=off --write_settings_files=off soc_system -c soc_system
quartus_asm --read_settings_files=off --write_settings_files=off soc_system -c soc_system
quartus_sta soc_system -c soc_system



